[17:45:11] [main/INFO] (FabricLoader/GameProvider) Loading Minecraft 1.21.11 with Fabric Loader 0.19.2
[17:45:12] [main/INFO] (FabricLoader) Loading 51 mods:
	- fabric-api 0.141.3+1.21.11
	- fabric-api-base 1.0.5+4ebb5c083e
	- fabric-api-lookup-api-v1 1.6.114+20dc27073e
	- fabric-biome-api-v1 17.1.1+4fc5413f3e
	- fabric-block-api-v1 1.1.10+4ebb5c083e
	- fabric-block-view-api-v2 1.0.39+4ebb5c083e
	- fabric-client-gametest-api-v1 4.3.5+bfe9fcf43e
	- fabric-command-api-v2 2.4.7+6b42a6003e
	- fabric-content-registries-v0 10.2.14+4fc5413f3e
	- fabric-convention-tags-v1 2.1.55+7f945d5b3e
	- fabric-convention-tags-v2 2.17.3+8ef948ba3e
	- fabric-crash-report-info-v1 0.3.23+4ebb5c083e
	- fabric-data-attachment-api-v1 1.8.47+eed0806f3e
	- fabric-data-generation-api-v1 23.4.0+69974c4e3e
	- fabric-dimensions-v1 4.0.28+4fc5413f3e
	- fabric-entity-events-v1 3.1.1+1d0ab4303e
	- fabric-events-interaction-v0 4.1.0+3b89ecf63e
	- fabric-game-rule-api-v1 2.0.3+4fc5413f3e
	- fabric-gametest-api-v1 3.1.27+4fc5413f3e
	- fabric-item-api-v1 11.5.20+d0c46b9e3e
	- fabric-item-group-api-v1 4.2.36+4fc5413f3e
	- fabric-key-binding-api-v1 1.1.7+4fc5413f3e
	- fabric-lifecycle-events-v1 2.6.15+4ebb5c083e
	- fabric-loot-api-v2 3.0.73+3f89f5a53e
	- fabric-loot-api-v3 2.0.20+78c8b4663e
	- fabric-message-api-v1 6.1.12+4ebb5c083e
	- fabric-model-loading-api-v1 6.0.15+4fc5413f3e
	- fabric-networking-api-v1 5.1.5+ae1e07683e
	- fabric-object-builder-api-v1 21.1.39+4fc5413f3e
	- fabric-particles-v1 4.2.11+4fc5413f3e
	- fabric-recipe-api-v1 8.2.3+4ebb5c083e
	- fabric-registry-sync-v0 6.2.5+1718722b3e
	- fabric-renderer-api-v1 8.0.3+f4ffd2e53e
	- fabric-renderer-indigo 5.0.3+f4ffd2e53e
	- fabric-rendering-fluids-v1 3.1.43+4ebb5c083e
	- fabric-rendering-v1 16.2.10+0290ad933e
	- fabric-resource-conditions-api-v1 5.0.35+4fc5413f3e
	- fabric-resource-loader-v0 3.3.4+4fc5413f3e
	- fabric-resource-loader-v1 1.0.10+78c8b4663e
	- fabric-screen-api-v1 3.1.7+4ebb5c083e
	- fabric-screen-handler-api-v1 1.3.161+4fc5413f3e
	- fabric-serialization-api-v1 1.0.5+4ebb5c083e
	- fabric-sound-api-v1 1.0.51+4fc5413f3e
	- fabric-tag-api-v1 1.2.20+4fc5413f3e
	- fabric-transfer-api-v1 6.0.25+4fc5413f3e
	- fabric-transitive-access-wideners-v1 7.1.0+014c8cec3e
	- fabricloader 0.19.2
	- java 25
	- minecraft 1.21.11
	- mixinextras 0.5.4
	- wormhole 1.0
[17:45:12] [main/INFO] (FabricLoader/Mixin) SpongePowered MIXIN Subsystem Version=0.8.7 Source=file:/C:/Users/drews/.gradle/caches/modules-2/files-2.1/net.fabricmc/sponge-mixin/0.17.2+mixin.0.8.7/edf98d1d98229e46e36c61774ae2b54dcd852981/sponge-mixin-0.17.2+mixin.0.8.7.jar Service=Knot/Fabric Env=CLIENT
[17:45:12] [main/INFO] (FabricLoader/Mixin) Loaded Fabric development mappings for mixin remapper!
[17:45:12] [main/INFO] (FabricLoader/Mixin) Compatibility level set to JAVA_21
[17:45:13] [main/INFO] (FabricLoader/MixinExtras|Service) Initializing MixinExtras via com.llamalad7.mixinextras.service.MixinExtrasServiceImpl(version=0.5.4).
[17:45:13] [Datafixer Bootstrap/INFO] (Minecraft) 287 Datafixer optimizations took 244 milliseconds
[17:45:23] [Render thread/INFO] (Minecraft) Environment: Environment[sessionHost=https://sessionserver.mojang.com, servicesHost=https://api.minecraftservices.com, profilesHost=https://api.mojang.com, name=PROD]
[17:45:23] [Render thread/INFO] (Minecraft) Setting user: Player937
[17:45:24] [Render thread/INFO] (wormhole) Wormhole mod is initializing
[17:45:24] [Render thread/INFO] (wormhole) Registering items for wormhole
[17:45:24] [Render thread/INFO] (wormhole) Registering blocks for wormhole
[17:45:24] [Render thread/INFO] (wormhole) Registering data components for wormhole
[17:45:24] [Render thread/INFO] (wormhole) Wormhole mod loaded
[17:45:24] [Download-2/ERROR] (Minecraft) Failed to fetch user properties
com.mojang.authlib.exceptions.InvalidCredentialsException: Status: 401
	at knot//com.mojang.authlib.exceptions.MinecraftClientHttpException.toAuthenticationException(MinecraftClientHttpException.java:59)
	at knot//com.mojang.authlib.yggdrasil.YggdrasilUserApiService.fetchProperties(YggdrasilUserApiService.java:150)
	at knot//net.minecraft.client.MinecraftClient.method_55608(MinecraftClient.java:527)
	at java.base/java.util.concurrent.CompletableFuture$AsyncSupply.run(CompletableFuture.java:1789)
	at java.base/java.util.concurrent.ThreadPoolExecutor.runWorker(ThreadPoolExecutor.java:1090)
	at java.base/java.util.concurrent.ThreadPoolExecutor$Worker.run(ThreadPoolExecutor.java:614)
	at java.base/java.lang.Thread.run(Thread.java:1474)
Caused by: com.mojang.authlib.exceptions.MinecraftClientHttpException: Status: 401
	at knot//com.mojang.authlib.minecraft.client.MinecraftClient.readInputStream(MinecraftClient.java:103)
	at knot//com.mojang.authlib.minecraft.client.MinecraftClient.get(MinecraftClient.java:56)
	at knot//com.mojang.authlib.yggdrasil.YggdrasilUserApiService.fetchProperties(YggdrasilUserApiService.java:121)
	... 5 more
[17:45:24] [Render thread/INFO] (wormhole) Registering wormhole client
[17:45:24] [Render thread/INFO] (Indigo) [Indigo] Registering Indigo renderer!
[17:45:24] [Render thread/INFO] (Minecraft) [STDERR]: [LWJGL] [ThreadLocalUtil] Unsupported JNI version detected, this may result in a crash. Please inform LWJGL developers.
[17:45:24] [Render thread/INFO] (Minecraft) Backend library: LWJGL version 3.3.3-snapshot
[17:45:25] [Render thread/INFO] (Minecraft) Using optional rendering extensions: GL_ARB_buffer_storage, GL_KHR_debug, GL_ARB_vertex_attrib_binding, GL_ARB_direct_state_access, GL_EXT_texture_filter_anisotropic
[17:45:25] [Render thread/INFO] (Minecraft) Reloading ResourceManager: vanilla, fabric-api, fabric-api-base, fabric-api-lookup-api-v1, fabric-biome-api-v1, fabric-block-api-v1, fabric-block-view-api-v2, fabric-client-gametest-api-v1, fabric-command-api-v2, fabric-content-registries-v0, fabric-convention-tags-v1, fabric-convention-tags-v2, fabric-crash-report-info-v1, fabric-data-attachment-api-v1, fabric-data-generation-api-v1, fabric-dimensions-v1, fabric-entity-events-v1, fabric-events-interaction-v0, fabric-game-rule-api-v1, fabric-gametest-api-v1, fabric-item-api-v1, fabric-item-group-api-v1, fabric-key-binding-api-v1, fabric-lifecycle-events-v1, fabric-loot-api-v2, fabric-loot-api-v3, fabric-message-api-v1, fabric-model-loading-api-v1, fabric-networking-api-v1, fabric-object-builder-api-v1, fabric-particles-v1, fabric-recipe-api-v1, fabric-registry-sync-v0, fabric-renderer-api-v1, fabric-renderer-indigo, fabric-rendering-fluids-v1, fabric-rendering-v1, fabric-resource-conditions-api-v1, fabric-resource-loader-v0, fabric-resource-loader-v1, fabric-screen-api-v1, fabric-screen-handler-api-v1, fabric-serialization-api-v1, fabric-sound-api-v1, fabric-tag-api-v1, fabric-transfer-api-v1, fabric-transitive-access-wideners-v1, fabricloader, wormhole
[17:45:25] [Download-1/INFO] (Minecraft) Could not authorize you against Realms server: java.lang.RuntimeException: Failed to parse into SignedJWT: FabricMC
[17:45:25] [Download-1/ERROR] (Minecraft) Failed to fetch Realms feature flags
net.minecraft.client.realms.exception.RealmsServiceException: Realms authentication error with message 'java.lang.RuntimeException: Failed to parse into SignedJWT: FabricMC'
	at knot//net.minecraft.client.realms.RealmsClient.execute(RealmsClient.java:508)
	at knot//net.minecraft.client.realms.RealmsClient.fetchFeatureFlags(RealmsClient.java:159)
	at java.base/java.util.concurrent.CompletableFuture$AsyncSupply.run(CompletableFuture.java:1789)
	at java.base/java.util.concurrent.ThreadPoolExecutor.runWorker(ThreadPoolExecutor.java:1090)
	at java.base/java.util.concurrent.ThreadPoolExecutor$Worker.run(ThreadPoolExecutor.java:614)
	at java.base/java.lang.Thread.run(Thread.java:1474)
[17:45:25] [Worker-Main-11/INFO] (Minecraft) Found unifont_pua-17.0.01.hex, loading
[17:45:26] [Worker-Main-17/INFO] (Minecraft) Found unifont_all_no_pua-17.0.01.hex, loading
[17:45:26] [Worker-Main-16/INFO] (Minecraft) Found unifont_jp_patch-17.0.01.hex, loading
[17:45:28] [Worker-Main-3/WARN] (Minecraft) Missing model for variant: 'Block{wormhole:wormhole_portal_base}[facing=up]'
[17:45:28] [Worker-Main-3/WARN] (Minecraft) Missing model for variant: 'Block{wormhole:wormhole_portal_base}[facing=down]'
[17:45:28] [Worker-Main-3/WARN] (Minecraft) Missing model for variant: 'Block{wormhole:wormhole_portal_controller}[facing=up]'
[17:45:28] [Worker-Main-3/WARN] (Minecraft) Missing model for variant: 'Block{wormhole:wormhole_portal_controller}[facing=down]'
[17:45:28] [Render thread/INFO] (Minecraft) OpenAL initialized on device OpenAL Soft on SteelSeries Sonar - Gaming (SteelSeries Sonar Virtual Audio Device)
[17:45:28] [Render thread/INFO] (Minecraft) Sound engine started
[17:45:28] [Render thread/INFO] (Minecraft) Created: 512x256x0 minecraft:textures/atlas/particles.png-atlas
[17:45:28] [Render thread/INFO] (Minecraft) Created: 128x128x0 minecraft:textures/atlas/decorated_pot.png-atlas
[17:45:28] [Render thread/INFO] (Minecraft) Created: 2048x1024x0 minecraft:textures/atlas/armor_trims.png-atlas
[17:45:28] [Render thread/INFO] (Minecraft) Created: 512x256x0 minecraft:textures/atlas/paintings.png-atlas
[17:45:28] [Render thread/INFO] (Minecraft) Created: 1024x512x0 minecraft:textures/atlas/shield_patterns.png-atlas
[17:45:28] [Render thread/INFO] (Minecraft) Created: 4096x2048x4 minecraft:textures/atlas/blocks.png-atlas
[17:45:28] [Render thread/INFO] (Minecraft) Created: 512x512x0 minecraft:textures/atlas/chest.png-atlas
[17:45:28] [Render thread/INFO] (Minecraft) Created: 256x128x0 minecraft:textures/atlas/celestials.png-atlas
[17:45:28] [Render thread/INFO] (Minecraft) Created: 1024x512x0 minecraft:textures/atlas/banner_patterns.png-atlas
[17:45:28] [Render thread/INFO] (Minecraft) Created: 512x512x0 minecraft:textures/atlas/beds.png-atlas
[17:45:28] [Render thread/INFO] (Minecraft) Created: 1024x512x0 minecraft:textures/atlas/items.png-atlas
[17:45:28] [Render thread/INFO] (Minecraft) Created: 1024x1024x0 minecraft:textures/atlas/gui.png-atlas
[17:45:28] [Render thread/INFO] (Minecraft) Created: 128x64x0 minecraft:textures/atlas/map_decorations.png-atlas
[17:45:28] [Render thread/INFO] (Minecraft) Created: 512x256x0 minecraft:textures/atlas/signs.png-atlas
[17:45:28] [Render thread/INFO] (Minecraft) Created: 512x512x0 minecraft:textures/atlas/shulker_boxes.png-atlas
[17:45:29] [IO-Worker-1/INFO] (Minecraft) Could not authorize you against Realms server: java.lang.RuntimeException: Failed to parse into SignedJWT: FabricMC
[17:45:29] [IO-Worker-1/ERROR] (Minecraft) Couldn't connect to realms
net.minecraft.client.realms.exception.RealmsServiceException: Realms authentication error with message 'java.lang.RuntimeException: Failed to parse into SignedJWT: FabricMC'
	at knot//net.minecraft.client.realms.RealmsClient.execute(RealmsClient.java:508)
	at knot//net.minecraft.client.realms.RealmsClient.clientCompatible(RealmsClient.java:282)
	at knot//net.minecraft.client.realms.RealmsAvailability.method_52627(RealmsAvailability.java:50)
	at java.base/java.util.concurrent.CompletableFuture$AsyncSupply.run(CompletableFuture.java:1789)
	at java.base/java.util.concurrent.ThreadPoolExecutor.runWorker(ThreadPoolExecutor.java:1090)
	at java.base/java.util.concurrent.ThreadPoolExecutor$Worker.run(ThreadPoolExecutor.java:614)
	at java.base/java.lang.Thread.run(Thread.java:1474)
[17:45:35] [Render thread/INFO] (Minecraft) Loaded 1473 recipes
[17:45:35] [Render thread/INFO] (Minecraft) Loaded 1584 advancements
[17:45:35] [Render thread/INFO] (BiomeModificationImpl) Applied 0 biome modifications to 0 of 65 new biomes in 832.8 μs
[17:45:35] [Server thread/INFO] (Minecraft) Starting integrated minecraft server version 1.21.11
[17:45:35] [Server thread/INFO] (Minecraft) Generating keypair
[17:45:36] [Server thread/INFO] (Minecraft) Loading 0 persistent chunks...
[17:45:36] [Server thread/INFO] (Minecraft) Preparing spawn area: 16%
[17:45:36] [Server thread/INFO] (wormhole) Removing portals in ServerLevel[New World]
[17:45:36] [Server thread/INFO] (wormhole) Removing portal BlockPos{x=1, y=72, z=-8}
[17:45:36] [Server thread/INFO] (wormhole) Removing portal BlockPos{x=35, y=72, z=3}
[17:45:36] [Server thread/INFO] (wormhole) Removing portal BlockPos{x=24, y=80, z=-33}
[17:45:36] [Server thread/INFO] (wormhole) Removing portal BlockPos{x=34, y=63, z=52}
[17:45:36] [Server thread/INFO] (wormhole) Removing portal BlockPos{x=21, y=63, z=51}
[17:45:36] [Server thread/INFO] (wormhole) Removing portal BlockPos{x=31, y=75, z=-9}
[17:45:36] [Server thread/INFO] (wormhole) Removing portal BlockPos{x=-23, y=91, z=-30}
[17:45:36] [Server thread/INFO] (wormhole) Removing portal BlockPos{x=-10, y=97, z=-33}
[17:45:36] [Server thread/INFO] (wormhole) Removing portals in ServerLevel[New World]
[17:45:36] [Server thread/INFO] (wormhole) Removing portals in ServerLevel[New World]
[17:45:36] [Server thread/INFO] (Minecraft) Loading 44 chunks for player spawn...
[17:45:36] [Server thread/INFO] (Minecraft) Preparing spawn area: 16%
[17:45:36] [Server thread/INFO] (Minecraft) Time elapsed: 914 ms
[17:45:37] [Server thread/INFO] (Minecraft) Player937[local:E:17bc0591] logged in with entity id 78 at (-22.213057059677762, 92.0, -32.00782034463223)
[17:45:37] [Server thread/INFO] (Minecraft) Player937 joined the game
[17:45:37] [Render thread/INFO] (Minecraft) Loaded 8 advancements
[17:45:37] [Server thread/INFO] (Minecraft) Changing view distance to 32, from 10
[17:45:37] [Server thread/INFO] (Minecraft) Changing simulation distance to 12, from 0
[17:45:37] [Render thread/INFO] (Minecraft) Resizing Dynamic Transforms UBO, capacity limit of 2 reached during a single frame. New capacity will be 4.
[17:45:37] [Render thread/INFO] (Minecraft) Resizing Dynamic Transforms UBO, capacity limit of 4 reached during a single frame. New capacity will be 8.
[17:45:37] [Render thread/INFO] (Minecraft) Resizing Chunk Sections UBO, capacity limit of 2 reached during a single frame. New capacity will be 4.
[17:45:37] [Render thread/INFO] (Minecraft) Resizing Chunk Sections UBO, capacity limit of 4 reached during a single frame. New capacity will be 8.
[17:45:37] [Render thread/INFO] (Minecraft) Resizing Chunk Sections UBO, capacity limit of 8 reached during a single frame. New capacity will be 16.
[17:45:37] [Render thread/INFO] (Minecraft) Resizing Chunk Sections UBO, capacity limit of 16 reached during a single frame. New capacity will be 32.
[17:45:37] [Render thread/INFO] (Minecraft) Resizing Chunk Sections UBO, capacity limit of 32 reached during a single frame. New capacity will be 64.
[17:45:37] [Render thread/INFO] (Minecraft) Resizing Chunk Sections UBO, capacity limit of 64 reached during a single frame. New capacity will be 128.
[17:45:38] [Render thread/INFO] (Minecraft) Resizing Chunk Sections UBO, capacity limit of 128 reached during a single frame. New capacity will be 256.
[17:45:38] [Render thread/INFO] (Minecraft) Resizing Chunk Sections UBO, capacity limit of 256 reached during a single frame. New capacity will be 512.
[17:45:39] [Render thread/INFO] (Minecraft) Resizing Chunk Sections UBO, capacity limit of 512 reached during a single frame. New capacity will be 1024.
[17:45:40] [Render thread/INFO] (wormhole) controller block used
[17:45:40] [Server thread/INFO] (wormhole) controller block used
[17:45:42] [Render thread/INFO] (Minecraft) Resizing Chunk Sections UBO, capacity limit of 1024 reached during a single frame. New capacity will be 2048.
[17:45:42] [Render thread/INFO] (Minecraft) [System] [CHAT] Portal opened → Meep
[17:45:43] [Server thread/INFO] (Minecraft) Saving and pausing game...
[17:45:43] [Server thread/INFO] (Minecraft) Saving chunks for level 'ServerLevel[New World]'/minecraft:overworld
[17:45:43] [Server thread/INFO] (Minecraft) Saving chunks for level 'ServerLevel[New World]'/minecraft:the_end
[17:45:43] [Server thread/INFO] (Minecraft) Saving chunks for level 'ServerLevel[New World]'/minecraft:the_nether
[17:45:44] [Render thread/INFO] (Minecraft) Resizing Dynamic Transforms UBO, capacity limit of 8 reached during a single frame. New capacity will be 16.
[17:45:47] [Render thread/INFO] (wormhole) controller block used
[17:45:47] [Server thread/INFO] (wormhole) controller block used
[17:45:48] [Render thread/INFO] (Minecraft) [System] [CHAT] Portal opened → Beatroot
[17:45:50] [Server thread/INFO] (wormhole) link value: BlockPos{x=1, y=72, z=-8}, base value BlockPos{x=-23, y=91, z=-30}
[17:45:50] [Server thread/INFO] (wormhole) link value: BlockPos{x=35, y=72, z=3}, base value BlockPos{x=-23, y=91, z=-30}
[17:45:50] [Server thread/INFO] (wormhole) link value: BlockPos{x=24, y=80, z=-33}, base value BlockPos{x=-23, y=91, z=-30}
[17:45:50] [Server thread/INFO] (wormhole) link value: BlockPos{x=34, y=63, z=52}, base value BlockPos{x=-23, y=91, z=-30}
[17:45:50] [Server thread/INFO] (wormhole) link value: BlockPos{x=21, y=63, z=51}, base value BlockPos{x=-23, y=91, z=-30}
[17:45:50] [Server thread/INFO] (wormhole) link value: BlockPos{x=31, y=75, z=-9}, base value BlockPos{x=-23, y=91, z=-30}
[17:45:50] [Server thread/INFO] (wormhole) link value: BlockPos{x=-23, y=91, z=-30}, base value BlockPos{x=-23, y=91, z=-30}
[17:45:52] [Render thread/INFO] (wormhole) controller block used
[17:45:52] [Server thread/INFO] (wormhole) controller block used
[17:45:54] [Render thread/INFO] (Minecraft) Resizing Chunk Sections UBO, capacity limit of 2048 reached during a single frame. New capacity will be 4096.
[17:46:06] [Render thread/INFO] (wormhole) controller block used
[17:46:06] [Server thread/INFO] (wormhole) controller block used
[17:46:10] [Render thread/INFO] (Minecraft) [System] [CHAT] Portal opened → Meep
[17:46:24] [Render thread/INFO] (Minecraft) [System] [CHAT] Portal registered as 'Beetroot'
[17:46:26] [Render thread/INFO] (wormhole) controller block used
[17:46:26] [Server thread/INFO] (wormhole) controller block used
[17:46:27] [Render thread/INFO] (Minecraft) [System] [CHAT] Portal opened → Tree
[17:46:30] [Render thread/INFO] (wormhole) controller block used
[17:46:30] [Server thread/INFO] (wormhole) controller block used
[17:46:31] [Render thread/INFO] (Minecraft) [System] [CHAT] Portal opened → Beetroot
[17:47:29] [Server thread/INFO] (Minecraft) Saving and pausing game...
[17:47:29] [Server thread/INFO] (Minecraft) Saving chunks for level 'ServerLevel[New World]'/minecraft:overworld
[17:47:29] [Server thread/INFO] (Minecraft) Saving chunks for level 'ServerLevel[New World]'/minecraft:the_end
[17:47:29] [Server thread/INFO] (Minecraft) Saving chunks for level 'ServerLevel[New World]'/minecraft:the_nether
